<?xml version="1.0" encoding="UTF-8"?><testsuite errors="1" failures="0" name="ingresar a la pagina web" skipped="0" tests="1" time="6.23" timestamp="2021-12-10 09:25:58"><testcase name="Acceso  la pagina Principal"><error message="Could not instantiate new WebDriver instance of type class org.openqa.selenium.chrome.ChromeDriver (session not created: This version of ChromeDriver only supports Chrome version 94&#10;Current browser version is 96.0.4664.93 with binary path C:\Program Files\Google\Chrome\Application\chrome.exe&#10;Build info: version: '3.141.59', revision: 'e82be7d358', time: '2018-11-14T08:17:03'&#10;System info: host: 'SQAMED-SQA1951', ip: '192.168.43.40', os.name: 'Windows 10', os.arch: 'amd64', os.version: '10.0', java.version: '1.8.0_281'&#10;Driver info: driver.version: ProvideNewDriver&#10;remote stacktrace: Backtrace:&#10;&#9;Ordinal0 [0x010BBDE3+2473443]&#10;&#9;Ordinal0 [0x01056661+2057825]&#10;&#9;Ordinal0 [0x00F62438+1057848]&#10;&#9;Ordinal0 [0x00F8054A+1181002]&#10;&#9;Ordinal0 [0x00F7C435+1164341]&#10;&#9;Ordinal0 [0x00F79CAF+1154223]&#10;&#9;Ordinal0 [0x00FA9ADF+1350367]&#10;&#9;Ordinal0 [0x00FA974A+1349450]&#10;&#9;Ordinal0 [0x00FA55AB+1332651]&#10;&#9;Ordinal0 [0x00F82104+1188100]&#10;&#9;Ordinal0 [0x00F82F59+1191769]&#10;&#9;GetHandleVerifier [0x01242266+1549718]&#10;&#9;GetHandleVerifier [0x012ED4A7+2250711]&#10;&#9;GetHandleVerifier [0x0114718B+521403]&#10;&#9;GetHandleVerifier [0x01146229+517465]&#10;&#9;Ordinal0 [0x0105B79D+2078621]&#10;&#9;Ordinal0 [0x0105FB58+2095960]&#10;&#9;Ordinal0 [0x0105FC92+2096274]&#10;&#9;Ordinal0 [0x01069541+2135361]&#10;&#9;BaseThreadInitThunk [0x758BFA29+25]&#10;&#9;RtlGetAppContainerNamedObjectPath [0x774C7A9E+286]&#10;&#9;RtlGetAppContainerNamedObjectPath [0x774C7A6E+238]&#10;). See below for more details." type="net.thucydides.core.webdriver.DriverConfigurationError">Could not instantiate new WebDriver instance of type class org.openqa.selenium.chrome.ChromeDriver (session not created: This version of ChromeDriver only supports Chrome version 94
Current browser version is 96.0.4664.93 with binary path C:\Program Files\Google\Chrome\Application\chrome.exe
Build info: version: '3.141.59', revision: 'e82be7d358', time: '2018-11-14T08:17:03'
System info: host: 'SQAMED-SQA1951', ip: '192.168.43.40', os.name: 'Windows 10', os.arch: 'amd64', os.version: '10.0', java.version: '1.8.0_281'
Driver info: driver.version: ProvideNewDriver
remote stacktrace: Backtrace:
	Ordinal0 [0x010BBDE3+2473443]
	Ordinal0 [0x01056661+2057825]
	Ordinal0 [0x00F62438+1057848]
	Ordinal0 [0x00F8054A+1181002]
	Ordinal0 [0x00F7C435+1164341]
	Ordinal0 [0x00F79CAF+1154223]
	Ordinal0 [0x00FA9ADF+1350367]
	Ordinal0 [0x00FA974A+1349450]
	Ordinal0 [0x00FA55AB+1332651]
	Ordinal0 [0x00F82104+1188100]
	Ordinal0 [0x00F82F59+1191769]
	GetHandleVerifier [0x01242266+1549718]
	GetHandleVerifier [0x012ED4A7+2250711]
	GetHandleVerifier [0x0114718B+521403]
	GetHandleVerifier [0x01146229+517465]
	Ordinal0 [0x0105B79D+2078621]
	Ordinal0 [0x0105FB58+2095960]
	Ordinal0 [0x0105FC92+2096274]
	Ordinal0 [0x01069541+2135361]
	BaseThreadInitThunk [0x758BFA29+25]
	RtlGetAppContainerNamedObjectPath [0x774C7A9E+286]
	RtlGetAppContainerNamedObjectPath [0x774C7A6E+238]
). See below for more details.</error><system-err>Could not instantiate new WebDriver instance of type class org.openqa.selenium.chrome.ChromeDriver (session not created: This version of ChromeDriver only supports Chrome version 94
Current browser version is 96.0.4664.93 with binary path C:\Program Files\Google\Chrome\Application\chrome.exe
Build info: version: '3.141.59', revision: 'e82be7d358', time: '2018-11-14T08:17:03'
System info: host: 'SQAMED-SQA1951', ip: '192.168.43.40', os.name: 'Windows 10', os.arch: 'amd64', os.version: '10.0', java.version: '1.8.0_281'
Driver info: driver.version: ProvideNewDriver
remote stacktrace: Backtrace:
	Ordinal0 [0x010BBDE3+2473443]
	Ordinal0 [0x01056661+2057825]
	Ordinal0 [0x00F62438+1057848]
	Ordinal0 [0x00F8054A+1181002]
	Ordinal0 [0x00F7C435+1164341]
	Ordinal0 [0x00F79CAF+1154223]
	Ordinal0 [0x00FA9ADF+1350367]
	Ordinal0 [0x00FA974A+1349450]
	Ordinal0 [0x00FA55AB+1332651]
	Ordinal0 [0x00F82104+1188100]
	Ordinal0 [0x00F82F59+1191769]
	GetHandleVerifier [0x01242266+1549718]
	GetHandleVerifier [0x012ED4A7+2250711]
	GetHandleVerifier [0x0114718B+521403]
	GetHandleVerifier [0x01146229+517465]
	Ordinal0 [0x0105B79D+2078621]
	Ordinal0 [0x0105FB58+2095960]
	Ordinal0 [0x0105FC92+2096274]
	Ordinal0 [0x01069541+2135361]
	BaseThreadInitThunk [0x758BFA29+25]
	RtlGetAppContainerNamedObjectPath [0x774C7A9E+286]
	RtlGetAppContainerNamedObjectPath [0x774C7A6E+238]
). See below for more details.&#13;
steps.LoginPaginaPpalStep.openBrowser(LoginPaginaPpalStep.java:21)&#13;
com.practice.automationtesting.stepdefinitions.LoginPaginaPpalStepDefinitions.queElUsuarioSeEncuentreEnLaPáginaWeb(LoginPaginaPpalStepDefinitions.java:21)&#13;
cucumber.runner.Runner.runPickle(Runner.java:80)&#13;
</system-err></testcase></testsuite>